<?xml version="1.0" encoding="UTF-8"?>
<testsuite xmlns:xsi="http://www.w3.org/2001/XMLSchema-instance" xsi:noNamespaceSchemaLocation="https://maven.apache.org/surefire/maven-surefire-plugin/xsd/surefire-test-report-3.0.xsd" version="3.0" name="org.example.ClientResourceTest" time="4.779" tests="5" errors="0" skipped="0" failures="0">
  <properties>
[...]
</properties>
  <testcase name="testAdicionarComSucesso" classname="org.example.ClientResourceTest" time="3.868">
    <system-err><![CDATA[out. 21, 2024 6:23:01 PM org.glassfish.grizzly.http.server.NetworkListener start
INFO: Started listener bound to [localhost:8080]
out. 21, 2024 6:23:01 PM org.glassfish.grizzly.http.server.HttpServer start
INFO: [HttpServer] Started.
out. 21, 2024 6:23:02 PM org.glassfish.grizzly.http.server.NetworkListener shutdownNow
INFO: Stopped listener bound to [localhost:8080]
]]></system-err>
  </testcase>
  <testcase name="testDeletarComSucesso" classname="org.example.ClientResourceTest" time="0.157">
    <system-err><![CDATA[out. 21, 2024 6:23:02 PM org.glassfish.grizzly.http.server.NetworkListener start
INFO: Started listener bound to [localhost:8080]
out. 21, 2024 6:23:02 PM org.glassfish.grizzly.http.server.HttpServer start
INFO: [HttpServer-1] Started.
out. 21, 2024 6:23:02 PM org.glassfish.grizzly.http.server.NetworkListener shutdownNow
INFO: Stopped listener bound to [localhost:8080]
]]></system-err>
  </testcase>
  <testcase name="testGetIt" classname="org.example.ClientResourceTest" time="0.42">
    <system-err><![CDATA[out. 21, 2024 6:23:02 PM org.glassfish.grizzly.http.server.NetworkListener start
INFO: Started listener bound to [localhost:8080]
out. 21, 2024 6:23:02 PM org.glassfish.grizzly.http.server.HttpServer start
INFO: [HttpServer-2] Started.
out. 21, 2024 6:23:02 PM org.glassfish.grizzly.http.server.NetworkListener shutdownNow
INFO: Stopped listener bound to [localhost:8080]
]]></system-err>
  </testcase>
  <testcase name="testDeletarComErro" classname="org.example.ClientResourceTest" time="0.147">
    <system-err><![CDATA[out. 21, 2024 6:23:02 PM org.glassfish.grizzly.http.server.NetworkListener start
INFO: Started listener bound to [localhost:8080]
out. 21, 2024 6:23:02 PM org.glassfish.grizzly.http.server.HttpServer start
INFO: [HttpServer-3] Started.
out. 21, 2024 6:23:02 PM org.glassfish.grizzly.http.server.NetworkListener shutdownNow
INFO: Stopped listener bound to [localhost:8080]
]]></system-err>
  </testcase>
  <testcase name="testAdicionarSemSucesso" classname="org.example.ClientResourceTest" time="0.15">
    <system-err><![CDATA[out. 21, 2024 6:23:02 PM org.glassfish.grizzly.http.server.NetworkListener start
INFO: Started listener bound to [localhost:8080]
out. 21, 2024 6:23:02 PM org.glassfish.grizzly.http.server.HttpServer start
INFO: [HttpServer-4] Started.
out. 21, 2024 6:23:02 PM org.glassfish.grizzly.http.server.NetworkListener shutdownNow
INFO: Stopped listener bound to [localhost:8080]
]]></system-err>
  </testcase>
</testsuite>